1
 
 
 
 
                      Warning: This computer program is protected by copyright law and international treaties.       
                  Unauthorized use, reproduction or distribution of this computer program, or any portion of it, may 
                                          result in severe civil and criminal penalties.                             
                         Copyright (C) 2023 Hexagon AB and/or its subsidiaries. All rights reserved.                 
 
 
                                              * * * * * * * * * * * * * * * * * * * *
                                              * * * * * * * * * * * * * * * * * * * *
                                              * *                                 * *
                                              * *           Hexagon AB            * *
                                              * *                                 * *
                                              * *                                 * *
                                              * *      M S C   N a s t r a n      * *
                                              * *                                 * *
                                              * *  S T U D E N T   E D I T I O N  * *
                                              * *                                 * *
                                              * *     Version 2023.1-CL914096     * *
                                              * *                                 * *
                                              * *                                 * *
                                              * *                                 * *
                                              * *          MAR 30, 2023           * *
                                              * *                                 * *
                                              * *              Intel              * *
                                              * *MODEL Intel(R) Core(TM) i7-7500U * *
                                              * * Windows 10 Home Single 6.2 9200 * *
                                              * * Compiled for 8664 (SINGLE Mode) * *
                                              * *                                 * *
                                              * * * * * * * * * * * * * * * * * * * *
                                              * * * * * * * * * * * * * * * * * * * *

 
 
                                                 This Student Edition version is  
                                                    valid until MAR 15, 2025.     
 
 
                  This program is being distributed as part of the Hexagon AB Student Edition. Use of this program   
                     or its results at a commercial installation, for commercial purposes, or for production work    
                                             I S   S T R I C T L Y  P R O H I B I T E D.                             
                  ==================================== FOR EDUCATIONAL USE ONLY =====================================
 
 
1News file - (February 21st, 2023)
  
               Welcome to MSC Nastran 2023.1
  
   MSC Nastran brings powerful new features and enhancements for engineering
   solutions in several releases through the year. Key enhancements in
   Version 2023.1 are summarized below. Addtional details can be found in
   the MSC Nastran Version 2023.1 Release Guide.
  
     MSC Nastran 2023.1 Features and Enhancements
  
     HPC
     - Reduced memory requirements for ACMS when large numbers of RBE3 elements
       are present in the model
     - Support for AMD AOCL libraries
  
     Documentation
     - The complete documentation set is provided in a separate installer and
       when installed is available at: MSC_DOC_DIR/doc/pdf_nastran directory,
       where MSC_DOC_DIR is the directory where documentation was installed.
       This help set includes cross references between documents, and links to
       how-to videos, and example files
  
     Individual MSC Nastran documents are available for download from the
       Simcompanion Website at:
       http://simcompanion.hexagon.com/
  
     These documents were updated for the MSC Nastran 2023.1 Release
  
         1.  MSC Nastran 2023.1 Installation and Operations Guide
         2.  MSC Nastran 2023.1 Quick Reference Guide
         3.  MSC Nastran 2023.1 Release Guide
         4.  MSC Nastran 2023.1 Linear Statics Analysis User's Guide
         5.  MSC Nastran 2023.1 Dynamic Analysis User's Guide
         6.  MSC Nastran 2023.1 Superelements User's Guide
         7.  MSC Nastran 2023.1 Rotordynamics User's Guide
         8.  MSC Nastran 2023.1 Demonstration Problems Manual
         9.  MSC Nastran 2023.1 Nastran Embedded Fatigue User's Guide
        10.  MSC Nastran 2023.1 Design Sensitivity and Optimization
        11.  MSC Nastran 2023.1 Nonlinear User's Guide SOL 400
        12.  MSC Nastran 2023.1 DMAP Programmer's Guide
        13.  MSC Nastran 2023.1 High Performance Computing User's Guide
        14.  MSC Nastran 2023.1 New Verification Manual
        15.  MSC Nastran 2023.1 DEMATD Guide
        16.  MSC Nastran 2023.1 Explicit Nonlinear (SOL 700) User's Guide
        17.  MSC Nastran 2023.1 ACMS User's Guide
  
   Please refer to  MSC_DOC_DIR/doc/pdf_nastran/nastran_library.pdf
   for the complete document set:
  
1 
   Additional information about the release can be found at the MSC Nastran
   Product Support page: http://simcompanion.hexagon.com
  
   The support page provides links to these valuable information:
      * A searchable Knowledge Base containing examples and answers to thousands
        of frequently asked questions written by MSC Software subject-matter
        experts.
      * Peer-to-peer Discussion Forums enabling you to post questions for your
        MSC Software products and receive answers from other users worldwide.
      * A list of known issues with the product and any workarounds.
      * Instructions on how to contact technical support
      * A mechanism for sending us product feedback or enhancement requests.
      * Hardware and software requirements.
      * Examples and Tutorials
      * and much more.
  
   For information on training, please visit our Training web site
  
      https://www.mscsoftware.com/msc-training
  
1                                                       **STUDENT EDITION* NOVEMBER  30, 2023  MSC Nastran  3/30/23   PAGE     1
                                                                                                                                    
0        N A S T R A N    F I L E    A N D    S Y S T E M    P A R A M E T E R    E C H O                                           
0                                                                                                                                   
                                                                                                                                    
                                                                                                                                    
     NASTRAN BUFFSIZE=8193 $(C:/PROGRAM FILES/MSC.SOFTWARE/NAPA_SE/20231/NASTRAN/CONF
     $ ---GENERAL---                                                                 
     $ GENERATED BY PARAPY-NASTRAN INTERFACE                                         
     $ DATE: 2023-11-30 01:03:19                                                     
     $ PROJECT:                                                                      
     $ SOME CUSTOM TEXT                                                              
     $ ---EXECUTIVE CONTROL---                                                       
     $ CUSTOM STATEMENTS                                                             
     $ ---CASE CONTROL---                                                            
1                                                       **STUDENT EDITION* NOVEMBER  30, 2023  MSC Nastran  3/30/23   PAGE     2
                                                                                                                                    
0        N A S T R A N    E X E C U T I V E    C O N T R O L    E C H O                                                             
0                                                                                                                                   
                                                                                                                                    
                                                                                                                                    
     SOL 101                                                                                 
     CEND                                                                                    
1    WINGBOX                                            **STUDENT EDITION* NOVEMBER  30, 2023  MSC Nastran  3/30/23   PAGE     3
                                                                                                                                    
0                                                                                                                                   
0                                        C A S E    C O N T R O L    E C H O                                                        
                 COMMAND                                                                                                            
                 COUNT                                                                                                              
                  1      TITLE = WINGBOX                                                                         
                  2      ECHO = NONE                                                                             
                  3      SUBCASE 1                                                                               
                  4          LOAD = 1                                                                            
                  5          SPC = 1                                                                             
                  6          DISP = ALL                                                                          
                  7          DISPLACEMENT(SORT1,REAL,PUNCH)=ALL                                                  
 *** USER WARNING MESSAGE 602 (IFP1D)
     TWO OR MORE OF THE ABOVE CARD TYPES DETECTED WHERE ONLY ONE IS
     LEGAL.   THE LAST FOUND WILL BE USED.
                  8          SPCFORCES(SORT1,REAL)=ALL                                                           
                  9          STRESS(SORT1,REAL,VONMISES,BILIN,PUNCH)=ALL                                         
                 10          STRAIN(SORT1,REAL,VONMISES,BILIN,PUNCH)=ALL                                         
                 11      SUBCASE 2                                                                               
                 12          LOAD = 2                                                                            
                 13          SPC = 2                                                                             
                 14          DISP = ALL                                                                          
                 15          DISPLACEMENT(SORT1,REAL,PUNCH)=ALL                                                  
 *** USER WARNING MESSAGE 602 (IFP1D)
     TWO OR MORE OF THE ABOVE CARD TYPES DETECTED WHERE ONLY ONE IS
     LEGAL.   THE LAST FOUND WILL BE USED.
                 16          SPCFORCES(SORT1,REAL)=ALL                                                           
                 17          STRESS(SORT1,REAL,VONMISES,BILIN,PUNCH)=ALL                                         
                 18          STRAIN(SORT1,REAL,VONMISES,BILIN,PUNCH)=ALL                                         
                 19      SUBCASE 3                                                                               
                 20          LOAD = 3                                                                            
                 21          SPC = 3                                                                             
                 22          DISP = ALL                                                                          
                 23          DISPLACEMENT(SORT1,REAL,PUNCH)=ALL                                                  
 *** USER WARNING MESSAGE 602 (IFP1D)
     TWO OR MORE OF THE ABOVE CARD TYPES DETECTED WHERE ONLY ONE IS
     LEGAL.   THE LAST FOUND WILL BE USED.
                 24          SPCFORCES(SORT1,REAL)=ALL                                                           
                 25          STRESS(SORT1,REAL,VONMISES,BILIN,PUNCH)=ALL                                         
                 26          STRAIN(SORT1,REAL,VONMISES,BILIN,PUNCH)=ALL                                         
                 27                                                                                              
                 28                                                                                              
                 29                                                                                              
                 30      BEGIN BULK                                                                              
1    WINGBOX                                            **STUDENT EDITION* NOVEMBER  30, 2023  MSC Nastran  3/30/23   PAGE     4
                                                                                                                                    
0                                                                                                                                   
                                        M O D E L   S U M M A R Y          BULK = 0
                                   ENTRY NAME        NUMBER OF ENTRIES
                                   ----------        -----------------
                                       CTRIA3                    65632
                                        FORCE                      120
                                         GRID                    31609
                                         MAT1                        1
                                       MOMENT                       60
                                       PSHELL                        1
                                         SPC1                        9

 ^^^     
 ^^^ >>> IFP OPERATIONS COMPLETE <<< 
 ^^^     
1    WINGBOX                                            **STUDENT EDITION* NOVEMBER  30, 2023  MSC Nastran  3/30/23   PAGE     5
                                                                                                                                    
0                                                                                                                                   
 *** USER INFORMATION MESSAGE 7310 (VECPRN)
     ORIGIN OF SUPERELEMENT OR MODULE BASIC COORDINATE SYSTEM WILL BE USED AS REFERENCE LOCATION.
     RESULTANTS ABOUT ORIGIN OF SUPERELEMENT OR MODULE BASIC COORDINATE SYSTEM IN SUPERELEMENT OR MODULE
     BASIC SYSTEM COORDINATES.
0                                                  OLOAD    RESULTANT       
  SUBCASE/    LOAD
  DAREA ID    TYPE       T1            T2            T3            R1            R2            R3
0        1     FX    1.232624E+03     ----          ----          ----       5.125894E+02 -9.575299E+03                             
               FY       ----       0.000000E+00     ----       0.000000E+00     ----       0.000000E+00                             
               FZ       ----          ----       8.666237E+04  6.073531E+05 -1.516592E+05     ----                                  
               MX       ----          ----          ----       0.000000E+00     ----          ----                                  
               MY       ----          ----          ----          ----       1.009379E+04     ----                                  
               MZ       ----          ----          ----          ----          ----       0.000000E+00                             
             TOTALS  1.232624E+03  0.000000E+00  8.666237E+04  6.073531E+05 -1.410528E+05 -9.575299E+03
0        2     FX    1.195103E+03     ----          ----          ----       4.969863E+02 -9.280232E+03                             
               FY       ----       0.000000E+00     ----       0.000000E+00     ----       0.000000E+00                             
               FZ       ----          ----       8.526936E+04  5.976119E+05 -1.492214E+05     ----                                  
               MX       ----          ----          ----       0.000000E+00     ----          ----                                  
               MY       ----          ----          ----          ----       9.957753E+03     ----                                  
               MZ       ----          ----          ----          ----          ----       0.000000E+00                             
             TOTALS  1.195103E+03  0.000000E+00  8.526936E+04  5.976119E+05 -1.387666E+05 -9.280232E+03
0        3     FX    4.777396E+03     ----          ----          ----       1.986691E+03 -3.706992E+04                             
               FY       ----       0.000000E+00     ----       0.000000E+00     ----       0.000000E+00                             
               FZ       ----          ----       1.705328E+05  1.194913E+06 -2.984324E+05     ----                                  
               MX       ----          ----          ----       0.000000E+00     ----          ----                                  
               MY       ----          ----          ----          ----       1.937230E+04     ----                                  
               MZ       ----          ----          ----          ----          ----       0.000000E+00                             
             TOTALS  4.777396E+03  0.000000E+00  1.705328E+05  1.194913E+06 -2.770734E+05 -3.706992E+04
1    WINGBOX                                            **STUDENT EDITION* NOVEMBER  30, 2023  MSC Nastran  3/30/23   PAGE     6
                                                                                                                                    
0                                                                                                            SUBCASE 1              
  
 *** SYSTEM INFORMATION MESSAGE 4159 (DFMSA)
     THE DECOMPOSITION OF KLL      YIELDS A MAXIMUM MATRIX-TO-FACTOR-DIAGONAL RATIO OF    4.092214E+02
 ^^^     
 *** USER INFORMATION MESSAGE 15201 (SUBDMAP SEKRRS)
      Condition number of stiffness matrix = 1.506727E+08
 ^^^     
 *** USER INFORMATION MESSAGE 5293 (SSG3B)
    FOR DATA BLOCK KLL     
    LOAD SEQ. NO.             EPSILON              EXTERNAL WORK      EPSILONS LARGER THAN 0.001 ARE FLAGGED WITH ASTERISKS
                1          1.5414309E-11          1.4653084E+02
1    WINGBOX                                            **STUDENT EDITION* NOVEMBER  30, 2023  MSC Nastran  3/30/23   PAGE     7
                                                                                                                                    
0                                                                                                            SUBCASE 2              
  
 *** SYSTEM INFORMATION MESSAGE 4159 (DFMSA)
     THE DECOMPOSITION OF KLL      YIELDS A MAXIMUM MATRIX-TO-FACTOR-DIAGONAL RATIO OF    4.092214E+02
 ^^^     
 *** USER INFORMATION MESSAGE 15201 (SUBDMAP SEKRRS)
      Condition number of stiffness matrix = 1.506727E+08
 ^^^     
 *** USER INFORMATION MESSAGE 5293 (SSG3B)
    FOR DATA BLOCK KLL     
    LOAD SEQ. NO.             EPSILON              EXTERNAL WORK      EPSILONS LARGER THAN 0.001 ARE FLAGGED WITH ASTERISKS
                2          3.5770447E-12          1.4187933E+02
1    WINGBOX                                            **STUDENT EDITION* NOVEMBER  30, 2023  MSC Nastran  3/30/23   PAGE     8
                                                                                                                                    
0                                                                                                            SUBCASE 3              
  
 *** SYSTEM INFORMATION MESSAGE 4159 (DFMSA)
     THE DECOMPOSITION OF KLL      YIELDS A MAXIMUM MATRIX-TO-FACTOR-DIAGONAL RATIO OF    4.092214E+02
 ^^^     
 *** USER INFORMATION MESSAGE 15201 (SUBDMAP SEKRRS)
      Condition number of stiffness matrix = 1.506727E+08
 ^^^     
 *** USER INFORMATION MESSAGE 5293 (SSG3B)
    FOR DATA BLOCK KLL     
    LOAD SEQ. NO.             EPSILON              EXTERNAL WORK      EPSILONS LARGER THAN 0.001 ARE FLAGGED WITH ASTERISKS
                3         -3.8238282E-14          5.6705794E+02
1    WINGBOX                                            **STUDENT EDITION* NOVEMBER  30, 2023  MSC Nastran  3/30/23   PAGE     9
                                                                                                                                    
0                                                                                                                                   
 *** USER INFORMATION MESSAGE 7310 (VECPRN)
     ORIGIN OF SUPERELEMENT OR MODULE BASIC COORDINATE SYSTEM WILL BE USED AS REFERENCE LOCATION.
     RESULTANTS ABOUT ORIGIN OF SUPERELEMENT OR MODULE BASIC COORDINATE SYSTEM IN SUPERELEMENT OR MODULE
     BASIC SYSTEM COORDINATES.
0                                                  SPCFORCE RESULTANT       
  SUBCASE/    LOAD
  DAREA ID    TYPE       T1            T2            T3            R1            R2            R3
0        1     FX   -1.232624E+03     ----          ----          ----      -4.105567E+04 -3.039704E-12                             
               FY       ----      -4.401663E-07     ----      -6.073531E+05     ----       9.575299E+03                             
               FZ       ----          ----      -8.666237E+04 -2.347242E-13  1.821093E+05     ----                                  
               MX       ----          ----          ----       0.000000E+00     ----          ----                                  
               MY       ----          ----          ----          ----      -8.659683E-01     ----                                  
               MZ       ----          ----          ----          ----          ----       0.000000E+00                             
             TOTALS -1.232624E+03 -4.401663E-07 -8.666237E+04 -6.073531E+05  1.410528E+05  9.575299E+03
0        2     FX   -1.195103E+03     ----          ----          ----      -4.040327E+04 -2.990174E-12                             
               FY       ----      -4.338654E-07     ----      -5.976119E+05     ----       9.280232E+03                             
               FZ       ----          ----      -8.526936E+04 -2.311245E-13  1.791713E+05     ----                                  
               MX       ----          ----          ----       0.000000E+00     ----          ----                                  
               MY       ----          ----          ----          ----      -1.424608E+00     ----                                  
               MZ       ----          ----          ----          ----          ----       0.000000E+00                             
             TOTALS -1.195103E+03 -4.338654E-07 -8.526936E+04 -5.976119E+05  1.387666E+05  9.280232E+03
0        3     FX   -4.777396E+03     ----          ----          ----      -8.109565E+04 -6.198667E-12                             
               FY       ----      -8.677307E-07     ----      -1.194913E+06     ----       3.706992E+04                             
               FZ       ----          ----      -1.705328E+05 -4.594318E-13  3.581700E+05     ----                                  
               MX       ----          ----          ----       0.000000E+00     ----          ----                                  
               MY       ----          ----          ----          ----      -9.894879E-01     ----                                  
               MZ       ----          ----          ----          ----          ----       0.000000E+00                             
             TOTALS -4.777396E+03 -8.677307E-07 -1.705328E+05 -1.194913E+06  2.770734E+05  3.706992E+04
1    WINGBOX                                            **STUDENT EDITION* NOVEMBER  30, 2023  MSC Nastran  3/30/23   PAGE    10
                                                                                                                                    
0                                                                                                            SUBCASE 1              
 
                               F O R C E S   O F   S I N G L E - P O I N T   C O N S T R A I N T
 
      POINT ID.   TYPE          T1             T2             T3             R1             R2             R3
             1      G     -4.830276E+03   8.396816E+04  -3.767966E+03   0.0           -6.547162E+00   0.0
             5      G      7.048753E+03  -9.645498E+04  -5.205009E+03   0.0            3.129560E+00   0.0
             8      G     -4.194987E+03   5.508873E+04   7.163970E+02   0.0            0.0            0.0
            10      G     -3.469002E+03   5.767168E+04   5.040886E+01   0.0            0.0            0.0
            11      G     -1.570295E+04   2.233912E+05  -3.642154E+04   0.0           -1.498531E+01   0.0
            12      G      1.481727E+04  -2.537474E+05  -3.996669E+04   0.0            1.753695E+01   0.0
            13      G      1.002114E+04  -1.292739E+05  -5.638428E+02   0.0            0.0            0.0
            14      G      7.376935E+03  -1.070073E+05  -3.415760E+02   0.0            0.0            0.0
            15      G      5.908665E+03  -9.174768E+04  -2.052220E+02   0.0            0.0            0.0
            16      G      4.790331E+03  -8.000126E+04  -7.092123E+01   0.0            0.0            0.0
            17      G      5.379036E+03  -7.140820E+04   3.441844E+02   0.0            0.0            0.0
            18      G     -3.660191E+03   6.293309E+04  -4.328506E+01   0.0            0.0            0.0
            19      G     -4.279461E+03   6.983917E+04  -1.247937E+02   0.0            0.0            0.0
            20      G     -5.162372E+03   7.834799E+04  -2.295873E+02   0.0            0.0            0.0
            21      G     -6.663318E+03   9.001679E+04  -3.229257E+02   0.0            0.0            0.0
            22      G     -8.612199E+03   1.083839E+05  -5.100155E+02   0.0            0.0            0.0
1    WINGBOX                                            **STUDENT EDITION* NOVEMBER  30, 2023  MSC Nastran  3/30/23   PAGE    11
                                                                                                                                    
0                                                                                                            SUBCASE 2              
 
                               F O R C E S   O F   S I N G L E - P O I N T   C O N S T R A I N T
 
      POINT ID.   TYPE          T1             T2             T3             R1             R2             R3
             1      G     -4.754310E+03   8.260363E+04  -3.703648E+03   0.0           -6.439501E+00   0.0
             5      G      6.936671E+03  -9.491929E+04  -5.122580E+03   0.0            3.079522E+00   0.0
             8      G     -4.127310E+03   5.419857E+04   7.050871E+02   0.0            0.0            0.0
            10      G     -3.412608E+03   5.674267E+04   4.967172E+01   0.0            0.0            0.0
            11      G     -1.545466E+04   2.198263E+05  -3.584015E+04   0.0           -1.531705E+01   0.0
            12      G      1.458059E+04  -2.496644E+05  -3.932314E+04   0.0            1.725242E+01   0.0
            13      G      9.862844E+03  -1.271963E+05  -5.545037E+02   0.0            0.0            0.0
            14      G      7.261746E+03  -1.052891E+05  -3.359281E+02   0.0            0.0            0.0
            15      G      5.817255E+03  -9.027603E+04  -2.017434E+02   0.0            0.0            0.0
            16      G      4.716944E+03  -7.871975E+04  -6.957442E+01   0.0            0.0            0.0
            17      G      5.296014E+03  -7.026660E+04   3.388650E+02   0.0            0.0            0.0
            18      G     -3.600536E+03   6.192155E+04  -4.258163E+01   0.0            0.0            0.0
            19      G     -4.209681E+03   6.871845E+04  -1.228334E+02   0.0            0.0            0.0
            20      G     -5.078262E+03   7.709235E+04  -2.259996E+02   0.0            0.0            0.0
            21      G     -6.555430E+03   8.857596E+04  -3.180133E+02   0.0            0.0            0.0
            22      G     -8.474372E+03   1.066520E+05  -5.022812E+02   0.0            0.0            0.0
1    WINGBOX                                            **STUDENT EDITION* NOVEMBER  30, 2023  MSC Nastran  3/30/23   PAGE    12
                                                                                                                                    
0                                                                                                            SUBCASE 3              
 
                               F O R C E S   O F   S I N G L E - P O I N T   C O N S T R A I N T
 
      POINT ID.   TYPE          T1             T2             T3             R1             R2             R3
             1      G     -9.455937E+03   1.670053E+05  -7.721722E+03   0.0           -1.312573E+01   0.0
             5      G      1.391624E+04  -1.877600E+05  -9.902084E+03   0.0            6.236399E+00   0.0
             8      G     -8.472722E+03   1.090289E+05   1.414209E+03   0.0            0.0            0.0
            10      G     -7.076820E+03   1.138479E+05   1.089372E+02   0.0            0.0            0.0
            11      G     -3.086529E+04   4.375639E+05  -7.133553E+04   0.0           -2.885001E+01   0.0
            12      G      2.938125E+04  -5.013635E+05  -7.904847E+04   0.0            3.474985E+01   0.0
            13      G      1.958087E+04  -2.550038E+05  -1.133472E+03   0.0            0.0            0.0
            14      G      1.430288E+04  -2.107977E+05  -6.865438E+02   0.0            0.0            0.0
            15      G      1.139162E+04  -1.804656E+05  -4.153264E+02   0.0            0.0            0.0
            16      G      9.188268E+03  -1.570537E+05  -1.485129E+02   0.0            0.0            0.0
            17      G      1.037471E+04  -1.397860E+05   6.766574E+02   0.0            0.0            0.0
            18      G     -7.461376E+03   1.240082E+05  -7.198265E+01   0.0            0.0            0.0
            19      G     -8.678069E+03   1.374255E+05  -2.304992E+02   0.0            0.0            0.0
            20      G     -1.040999E+04   1.539943E+05  -4.356993E+02   0.0            0.0            0.0
            21      G     -1.335045E+04   1.767526E+05  -6.173724E+02   0.0            0.0            0.0
            22      G     -1.714256E+04   2.126038E+05  -9.853881E+02   0.0            0.0            0.0
1    WINGBOX                                            **STUDENT EDITION* NOVEMBER  30, 2023  MSC Nastran  3/30/23   PAGE    13
                                                                                                                                    
0                                                                                                                                   
 * * * *  D B D I C T   P R I N T  * * * *      SUBDMAP = PRTSUM  ,  DMAP STATEMENT NO.     74



0                                   * * * *  A N A L Y S I S  S U M M A R Y  T A B L E  * * * *
0 SEID  PEID PROJ VERS APRCH      SEMG SEMR SEKR SELG SELR MODES DYNRED SOLLIN SOLNL LOOPID DESIGN CYCLE SENSITIVITY
 -------------------------------------------------------------------------------------------------------------------
     0     0    1    1 '        '    T    T    T    T    T     F      F      T     F     -1            0           F
0SEID = SUPERELEMENT ID.
 PEID = PRIMARY SUPERELEMENT ID OF IMAGE SUPERELEMENT.
 PROJ = PROJECT ID NUMBER.
 VERS = VERSION ID.
 APRCH = BLANK FOR STRUCTURAL ANALYSIS.  HEAT FOR HEAT TRANSFER ANALYSIS.
 SEMG = STIFFNESS AND MASS MATRIX GENERATION STEP.
 SEMR = MASS MATRIX REDUCTION STEP (INCLUDES EIGENVALUE SOLUTION FOR MODES).
 SEKR = STIFFNESS MATRIX REDUCTION STEP.
 SELG = LOAD MATRIX GENERATION STEP.
 SELR = LOAD MATRIX REDUCTION STEP. 
 MODES = T (TRUE) IF NORMAL MODES OR BUCKLING MODES CALCULATED.
 DYNRED = T (TRUE) MEANS GENERALIZED DYNAMIC AND/OR COMPONENT MODE REDUCTION PERFORMED.
 SOLLIN = T (TRUE) IF LINEAR SOLUTION EXISTS IN DATABASE.
 LOOPID = THE LAST LOOPID VALUE USED IN THE NONLINEAR ANALYSIS.  USEFUL FOR RESTARTS.
 SOLNL = T (TRUE) IF NONLINEAR SOLUTION EXISTS IN DATABASE.
 DESIGN CYCLE = THE LAST DESIGN CYCLE (ONLY VALID IN OPTIMIZATION).
 SENSITIVITY = SENSITIVITY MATRIX GENERATION FLAG.
 
 No PARAM values were set in the Control File.
 
1                                        * * * END OF JOB * * *
 
 
 No Symbolic Replacement variables or values were specified.

